<?xml version="1.0" encoding="UTF-8"?>
<coverage generated="1638234028690" clover="3.2.0">
  <project timestamp="1638234028690" name="All files">
    <metrics statements="59" coveredstatements="58" conditionals="21" coveredconditionals="19" methods="16" coveredmethods="16" elements="96" coveredelements="93" complexity="0" loc="59" ncloc="59" packages="1" files="5" classes="5"/>
    <file name="Coupon.js" path="/Users/rodrigobranas/development/workspace/branas/t4/cccat4_1/dist/src/Coupon.js">
      <metrics statements="4" coveredstatements="4" conditionals="0" coveredconditionals="0" methods="1" coveredmethods="1"/>
      <line num="2" count="1" type="stmt"/>
      <line num="5" count="1" type="stmt"/>
      <line num="6" count="1" type="stmt"/>
      <line num="9" count="1" type="stmt"/>
    </file>
    <file name="Cpf.js" path="/Users/rodrigobranas/development/workspace/branas/t4/cccat4_1/dist/src/Cpf.js">
      <metrics statements="27" coveredstatements="26" conditionals="12" coveredconditionals="11" methods="7" coveredmethods="7"/>
      <line num="2" count="2" type="stmt"/>
      <line num="5" count="9" type="cond" truecount="2" falsecount="0"/>
      <line num="6" count="5" type="stmt"/>
      <line num="7" count="4" type="stmt"/>
      <line num="10" count="9" type="cond" truecount="1" falsecount="1"/>
      <line num="11" count="0" type="stmt"/>
      <line num="12" count="9" type="stmt"/>
      <line num="13" count="9" type="cond" truecount="2" falsecount="0"/>
      <line num="14" count="2" type="stmt"/>
      <line num="15" count="7" type="cond" truecount="2" falsecount="0"/>
      <line num="16" count="2" type="stmt"/>
      <line num="17" count="5" type="stmt"/>
      <line num="18" count="5" type="stmt"/>
      <line num="19" count="5" type="stmt"/>
      <line num="20" count="5" type="stmt"/>
      <line num="21" count="5" type="stmt"/>
      <line num="24" count="10" type="stmt"/>
      <line num="25" count="10" type="stmt"/>
      <line num="26" count="110" type="cond" truecount="2" falsecount="0"/>
      <line num="27" count="95" type="stmt"/>
      <line num="29" count="10" type="stmt"/>
      <line num="30" count="10" type="cond" truecount="2" falsecount="0"/>
      <line num="33" count="9" type="stmt"/>
      <line num="36" count="9" type="stmt"/>
      <line num="39" count="7" type="stmt"/>
      <line num="40" count="32" type="stmt"/>
      <line num="43" count="2" type="stmt"/>
    </file>
    <file name="Item.js" path="/Users/rodrigobranas/development/workspace/branas/t4/cccat4_1/dist/src/Item.js">
      <metrics statements="6" coveredstatements="6" conditionals="0" coveredconditionals="0" methods="1" coveredmethods="1"/>
      <line num="2" count="1" type="stmt"/>
      <line num="5" count="6" type="stmt"/>
      <line num="6" count="6" type="stmt"/>
      <line num="7" count="6" type="stmt"/>
      <line num="8" count="6" type="stmt"/>
      <line num="11" count="1" type="stmt"/>
    </file>
    <file name="Order.js" path="/Users/rodrigobranas/development/workspace/branas/t4/cccat4_1/dist/src/Order.js">
      <metrics statements="16" coveredstatements="16" conditionals="9" coveredconditionals="8" methods="5" coveredmethods="5"/>
      <line num="2" count="1" type="cond" truecount="3" falsecount="0"/>
      <line num="3" count="2" type="cond" truecount="3" falsecount="1"/>
      <line num="5" count="1" type="stmt"/>
      <line num="6" count="1" type="stmt"/>
      <line num="7" count="1" type="stmt"/>
      <line num="10" count="4" type="stmt"/>
      <line num="11" count="3" type="stmt"/>
      <line num="14" count="6" type="stmt"/>
      <line num="17" count="1" type="stmt"/>
      <line num="20" count="3" type="stmt"/>
      <line num="21" count="3" type="stmt"/>
      <line num="22" count="6" type="stmt"/>
      <line num="24" count="3" type="cond" truecount="2" falsecount="0"/>
      <line num="25" count="1" type="stmt"/>
      <line num="27" count="3" type="stmt"/>
      <line num="30" count="1" type="stmt"/>
    </file>
    <file name="OrderItem.js" path="/Users/rodrigobranas/development/workspace/branas/t4/cccat4_1/dist/src/OrderItem.js">
      <metrics statements="6" coveredstatements="6" conditionals="0" coveredconditionals="0" methods="2" coveredmethods="2"/>
      <line num="2" count="2" type="stmt"/>
      <line num="5" count="7" type="stmt"/>
      <line num="6" count="7" type="stmt"/>
      <line num="7" count="7" type="stmt"/>
      <line num="10" count="7" type="stmt"/>
      <line num="13" count="2" type="stmt"/>
    </file>
  </project>
</coverage>
