{"/Users/rodrigobranas/development/workspace/branas/t4/cccat4_1/dist/src/Coupon.js": {"path":"/Users/rodrigobranas/development/workspace/branas/t4/cccat4_1/dist/src/Coupon.js","statementMap":{"0":{"start":{"line":2,"column":0},"end":{"line":2,"column":62}},"1":{"start":{"line":5,"column":8},"end":{"line":5,"column":25}},"2":{"start":{"line":6,"column":8},"end":{"line":6,"column":37}},"3":{"start":{"line":9,"column":0},"end":{"line":9,"column":25}}},"fnMap":{"0":{"name":"(anonymous_0)","decl":{"start":{"line":4,"column":4},"end":{"line":4,"column":5}},"loc":{"start":{"line":4,"column":34},"end":{"line":7,"column":5}},"line":4}},"branchMap":{},"s":{"0":1,"1":1,"2":1,"3":1},"f":{"0":1},"b":{},"_coverageSchema":"1a1c01bbd47fc00a2c39e90264f33305004495a9","hash":"63cb542287e03cd6e5f7c1278858789f18575870"}
,"/Users/rodrigobranas/development/workspace/branas/t4/cccat4_1/dist/src/Cpf.js": {"path":"/Users/rodrigobranas/development/workspace/branas/t4/cccat4_1/dist/src/Cpf.js","statementMap":{"0":{"start":{"line":2,"column":0},"end":{"line":2,"column":62}},"1":{"start":{"line":5,"column":8},"end":{"line":6,"column":43}},"2":{"start":{"line":6,"column":12},"end":{"line":6,"column":43}},"3":{"start":{"line":7,"column":8},"end":{"line":7,"column":27}},"4":{"start":{"line":10,"column":8},"end":{"line":11,"column":25}},"5":{"start":{"line":11,"column":12},"end":{"line":11,"column":25}},"6":{"start":{"line":12,"column":8},"end":{"line":12,"column":30}},"7":{"start":{"line":13,"column":8},"end":{"line":14,"column":25}},"8":{"start":{"line":14,"column":12},"end":{"line":14,"column":25}},"9":{"start":{"line":15,"column":8},"end":{"line":16,"column":25}},"10":{"start":{"line":16,"column":12},"end":{"line":16,"column":25}},"11":{"start":{"line":17,"column":23},"end":{"line":17,"column":51}},"12":{"start":{"line":18,"column":23},"end":{"line":18,"column":51}},"13":{"start":{"line":19,"column":32},"end":{"line":19,"column":52}},"14":{"start":{"line":20,"column":28},"end":{"line":20,"column":40}},"15":{"start":{"line":21,"column":8},"end":{"line":21,"column":47}},"16":{"start":{"line":24,"column":20},"end":{"line":24,"column":21}},"17":{"start":{"line":25,"column":8},"end":{"line":28,"column":9}},"18":{"start":{"line":26,"column":12},"end":{"line":27,"column":52}},"19":{"start":{"line":27,"column":16},"end":{"line":27,"column":52}},"20":{"start":{"line":29,"column":21},"end":{"line":29,"column":31}},"21":{"start":{"line":30,"column":8},"end":{"line":30,"column":42}},"22":{"start":{"line":33,"column":8},"end":{"line":33,"column":38}},"23":{"start":{"line":36,"column":8},"end":{"line":36,"column":33}},"24":{"start":{"line":39,"column":29},"end":{"line":39,"column":32}},"25":{"start":{"line":40,"column":8},"end":{"line":40,"column":61}},"26":{"start":{"line":40,"column":39},"end":{"line":40,"column":59}},"27":{"start":{"line":43,"column":0},"end":{"line":43,"column":22}}},"fnMap":{"0":{"name":"(anonymous_0)","decl":{"start":{"line":4,"column":4},"end":{"line":4,"column":5}},"loc":{"start":{"line":4,"column":23},"end":{"line":8,"column":5}},"line":4},"1":{"name":"(anonymous_1)","decl":{"start":{"line":9,"column":4},"end":{"line":9,"column":5}},"loc":{"start":{"line":9,"column":18},"end":{"line":22,"column":5}},"line":9},"2":{"name":"(anonymous_2)","decl":{"start":{"line":23,"column":4},"end":{"line":23,"column":5}},"loc":{"start":{"line":23,"column":32},"end":{"line":31,"column":5}},"line":23},"3":{"name":"(anonymous_3)","decl":{"start":{"line":32,"column":4},"end":{"line":32,"column":5}},"loc":{"start":{"line":32,"column":15},"end":{"line":34,"column":5}},"line":32},"4":{"name":"(anonymous_4)","decl":{"start":{"line":35,"column":4},"end":{"line":35,"column":5}},"loc":{"start":{"line":35,"column":26},"end":{"line":37,"column":5}},"line":35},"5":{"name":"(anonymous_5)","decl":{"start":{"line":38,"column":4},"end":{"line":38,"column":5}},"loc":{"start":{"line":38,"column":19},"end":{"line":41,"column":5}},"line":38},"6":{"name":"(anonymous_6)","decl":{"start":{"line":40,"column":30},"end":{"line":40,"column":31}},"loc":{"start":{"line":40,"column":39},"end":{"line":40,"column":59}},"line":40}},"branchMap":{"0":{"loc":{"start":{"line":5,"column":8},"end":{"line":6,"column":43}},"type":"if","locations":[{"start":{"line":5,"column":8},"end":{"line":6,"column":43}},{"start":{},"end":{}}],"line":5},"1":{"loc":{"start":{"line":10,"column":8},"end":{"line":11,"column":25}},"type":"if","locations":[{"start":{"line":10,"column":8},"end":{"line":11,"column":25}},{"start":{},"end":{}}],"line":10},"2":{"loc":{"start":{"line":13,"column":8},"end":{"line":14,"column":25}},"type":"if","locations":[{"start":{"line":13,"column":8},"end":{"line":14,"column":25}},{"start":{},"end":{}}],"line":13},"3":{"loc":{"start":{"line":15,"column":8},"end":{"line":16,"column":25}},"type":"if","locations":[{"start":{"line":15,"column":8},"end":{"line":16,"column":25}},{"start":{},"end":{}}],"line":15},"4":{"loc":{"start":{"line":26,"column":12},"end":{"line":27,"column":52}},"type":"if","locations":[{"start":{"line":26,"column":12},"end":{"line":27,"column":52}},{"start":{},"end":{}}],"line":26},"5":{"loc":{"start":{"line":30,"column":15},"end":{"line":30,"column":41}},"type":"cond-expr","locations":[{"start":{"line":30,"column":28},"end":{"line":30,"column":29}},{"start":{"line":30,"column":32},"end":{"line":30,"column":41}}],"line":30}},"s":{"0":2,"1":9,"2":5,"3":4,"4":9,"5":0,"6":9,"7":9,"8":2,"9":7,"10":2,"11":5,"12":5,"13":5,"14":5,"15":5,"16":10,"17":10,"18":110,"19":95,"20":10,"21":10,"22":9,"23":9,"24":7,"25":7,"26":32,"27":2},"f":{"0":9,"1":9,"2":10,"3":9,"4":9,"5":7,"6":32},"b":{"0":[5,4],"1":[0,9],"2":[2,7],"3":[2,5],"4":[95,15],"5":[5,5]},"_coverageSchema":"1a1c01bbd47fc00a2c39e90264f33305004495a9","hash":"f678f693175f23b13578fb1c49e28e0664e3450b"}
,"/Users/rodrigobranas/development/workspace/branas/t4/cccat4_1/dist/src/Item.js": {"path":"/Users/rodrigobranas/development/workspace/branas/t4/cccat4_1/dist/src/Item.js","statementMap":{"0":{"start":{"line":2,"column":0},"end":{"line":2,"column":62}},"1":{"start":{"line":5,"column":8},"end":{"line":5,"column":29}},"2":{"start":{"line":6,"column":8},"end":{"line":6,"column":33}},"3":{"start":{"line":7,"column":8},"end":{"line":7,"column":39}},"4":{"start":{"line":8,"column":8},"end":{"line":8,"column":27}},"5":{"start":{"line":11,"column":0},"end":{"line":11,"column":23}}},"fnMap":{"0":{"name":"(anonymous_0)","decl":{"start":{"line":4,"column":4},"end":{"line":4,"column":5}},"loc":{"start":{"line":4,"column":54},"end":{"line":9,"column":5}},"line":4}},"branchMap":{},"s":{"0":1,"1":6,"2":6,"3":6,"4":6,"5":1},"f":{"0":6},"b":{},"_coverageSchema":"1a1c01bbd47fc00a2c39e90264f33305004495a9","hash":"84a0a5913bb11671b6eb0325e932edb985a23e13"}
,"/Users/rodrigobranas/development/workspace/branas/t4/cccat4_1/dist/src/Order.js": {"path":"/Users/rodrigobranas/development/workspace/branas/t4/cccat4_1/dist/src/Order.js","statementMap":{"0":{"start":{"line":2,"column":22},"end":{"line":4,"column":1}},"1":{"start":{"line":3,"column":4},"end":{"line":3,"column":62}},"2":{"start":{"line":5,"column":0},"end":{"line":5,"column":62}},"3":{"start":{"line":6,"column":14},"end":{"line":6,"column":47}},"4":{"start":{"line":7,"column":20},"end":{"line":7,"column":59}},"5":{"start":{"line":10,"column":8},"end":{"line":10,"column":42}},"6":{"start":{"line":11,"column":8},"end":{"line":11,"column":29}},"7":{"start":{"line":14,"column":8},"end":{"line":14,"column":89}},"8":{"start":{"line":17,"column":8},"end":{"line":17,"column":29}},"9":{"start":{"line":20,"column":20},"end":{"line":20,"column":21}},"10":{"start":{"line":21,"column":8},"end":{"line":23,"column":9}},"11":{"start":{"line":22,"column":12},"end":{"line":22,"column":42}},"12":{"start":{"line":24,"column":8},"end":{"line":26,"column":9}},"13":{"start":{"line":25,"column":12},"end":{"line":25,"column":60}},"14":{"start":{"line":27,"column":8},"end":{"line":27,"column":21}},"15":{"start":{"line":30,"column":0},"end":{"line":30,"column":24}}},"fnMap":{"0":{"name":"(anonymous_0)","decl":{"start":{"line":2,"column":56},"end":{"line":2,"column":57}},"loc":{"start":{"line":2,"column":71},"end":{"line":4,"column":1}},"line":2},"1":{"name":"(anonymous_1)","decl":{"start":{"line":9,"column":4},"end":{"line":9,"column":5}},"loc":{"start":{"line":9,"column":21},"end":{"line":12,"column":5}},"line":9},"2":{"name":"(anonymous_2)","decl":{"start":{"line":13,"column":4},"end":{"line":13,"column":5}},"loc":{"start":{"line":13,"column":28},"end":{"line":15,"column":5}},"line":13},"3":{"name":"(anonymous_3)","decl":{"start":{"line":16,"column":4},"end":{"line":16,"column":5}},"loc":{"start":{"line":16,"column":22},"end":{"line":18,"column":5}},"line":16},"4":{"name":"(anonymous_4)","decl":{"start":{"line":19,"column":4},"end":{"line":19,"column":5}},"loc":{"start":{"line":19,"column":15},"end":{"line":28,"column":5}},"line":19}},"branchMap":{"0":{"loc":{"start":{"line":2,"column":22},"end":{"line":4,"column":1}},"type":"binary-expr","locations":[{"start":{"line":2,"column":23},"end":{"line":2,"column":27}},{"start":{"line":2,"column":31},"end":{"line":2,"column":51}},{"start":{"line":2,"column":56},"end":{"line":4,"column":1}}],"line":2},"1":{"loc":{"start":{"line":3,"column":11},"end":{"line":3,"column":61}},"type":"cond-expr","locations":[{"start":{"line":3,"column":37},"end":{"line":3,"column":40}},{"start":{"line":3,"column":43},"end":{"line":3,"column":61}}],"line":3},"2":{"loc":{"start":{"line":3,"column":12},"end":{"line":3,"column":33}},"type":"binary-expr","locations":[{"start":{"line":3,"column":12},"end":{"line":3,"column":15}},{"start":{"line":3,"column":19},"end":{"line":3,"column":33}}],"line":3},"3":{"loc":{"start":{"line":24,"column":8},"end":{"line":26,"column":9}},"type":"if","locations":[{"start":{"line":24,"column":8},"end":{"line":26,"column":9}},{"start":{},"end":{}}],"line":24}},"s":{"0":1,"1":2,"2":1,"3":1,"4":1,"5":4,"6":3,"7":6,"8":1,"9":3,"10":3,"11":6,"12":3,"13":1,"14":3,"15":1},"f":{"0":2,"1":4,"2":6,"3":1,"4":3},"b":{"0":[1,1,1],"1":[2,0],"2":[2,2],"3":[1,2]},"_coverageSchema":"1a1c01bbd47fc00a2c39e90264f33305004495a9","hash":"aa7b6629783258bd0e461d33d72b3b3ac1ead3cf"}
,"/Users/rodrigobranas/development/workspace/branas/t4/cccat4_1/dist/src/OrderItem.js": {"path":"/Users/rodrigobranas/development/workspace/branas/t4/cccat4_1/dist/src/OrderItem.js","statementMap":{"0":{"start":{"line":2,"column":0},"end":{"line":2,"column":62}},"1":{"start":{"line":5,"column":8},"end":{"line":5,"column":29}},"2":{"start":{"line":6,"column":8},"end":{"line":6,"column":27}},"3":{"start":{"line":7,"column":8},"end":{"line":7,"column":33}},"4":{"start":{"line":10,"column":8},"end":{"line":10,"column":42}},"5":{"start":{"line":13,"column":0},"end":{"line":13,"column":28}}},"fnMap":{"0":{"name":"(anonymous_0)","decl":{"start":{"line":4,"column":4},"end":{"line":4,"column":5}},"loc":{"start":{"line":4,"column":41},"end":{"line":8,"column":5}},"line":4},"1":{"name":"(anonymous_1)","decl":{"start":{"line":9,"column":4},"end":{"line":9,"column":5}},"loc":{"start":{"line":9,"column":15},"end":{"line":11,"column":5}},"line":9}},"branchMap":{},"s":{"0":2,"1":7,"2":7,"3":7,"4":7,"5":2},"f":{"0":7,"1":7},"b":{},"_coverageSchema":"1a1c01bbd47fc00a2c39e90264f33305004495a9","hash":"583fd837eb555e66d01dac136ff8e26741a4017e"}
}
